<?xml version="1.0" encoding="UTF-8"?>
<!-- Generated by org.testng.reporters.JUnitXMLReporter -->
<testsuite ignored="0" hostname="PC177" failures="1" tests="13" name="Default test" time="208.031" errors="0" timestamp="2022-12-15T09:48:32 IST">
  <testcase classname="Test_Fax_NumberCountrywithArea.UnitedState001" name="FAXnumberCalifornia" time="10.332"/>
  <testcase classname="Test_Fax_NumberCountrywithArea.UnitedState001" name="FAXnumberNewHampshire" time="14.305"/>
  <testcase classname="Test_Fax_NumberCountrywithArea.UnitedState001" name="FAXnumberArizona" time="9.252">
    <failure type="java.lang.AssertionError" message="expected [true] but found [false]">
      <![CDATA[java.lang.AssertionError: expected [true] but found [false]
at org.testng.Assert.fail(Assert.java:110)
at org.testng.Assert.failNotEquals(Assert.java:1413)
at org.testng.Assert.assertEqualsImpl(Assert.java:149)
at org.testng.Assert.assertEquals(Assert.java:131)
at org.testng.Assert.assertEquals(Assert.java:976)
at org.testng.Assert.assertEquals(Assert.java:1010)
at Test_Fax_NumberCountrywithArea.UnitedState001.FAXnumberArizona(UnitedState001.java:138)
at java.base/jdk.internal.reflect.DirectMethodHandleAccessor.invoke(DirectMethodHandleAccessor.java:104)
at java.base/java.lang.reflect.Method.invoke(Method.java:578)
at org.testng.internal.invokers.MethodInvocationHelper.invokeMethod(MethodInvocationHelper.java:139)
at org.testng.internal.invokers.TestInvoker.invokeMethod(TestInvoker.java:677)
at org.testng.internal.invokers.TestInvoker.invokeTestMethod(TestInvoker.java:221)
at org.testng.internal.invokers.MethodRunner.runInSequence(MethodRunner.java:50)
at org.testng.internal.invokers.TestInvoker$MethodInvocationAgent.invoke(TestInvoker.java:962)
at org.testng.internal.invokers.TestInvoker.invokeTestMethods(TestInvoker.java:194)
at org.testng.internal.invokers.TestMethodWorker.invokeTestMethods(TestMethodWorker.java:148)
at org.testng.internal.invokers.TestMethodWorker.run(TestMethodWorker.java:128)
at java.base/java.util.ArrayList.forEach(ArrayList.java:1511)
at org.testng.TestRunner.privateRun(TestRunner.java:806)
at org.testng.TestRunner.run(TestRunner.java:601)
at org.testng.SuiteRunner.runTest(SuiteRunner.java:433)
at org.testng.SuiteRunner.runSequentially(SuiteRunner.java:427)
at org.testng.SuiteRunner.privateRun(SuiteRunner.java:387)
at org.testng.SuiteRunner.run(SuiteRunner.java:330)
at org.testng.SuiteRunnerWorker.runSuite(SuiteRunnerWorker.java:52)
at org.testng.SuiteRunnerWorker.run(SuiteRunnerWorker.java:95)
at org.testng.TestNG.runSuitesSequentially(TestNG.java:1256)
at org.testng.TestNG.runSuitesLocally(TestNG.java:1176)
at org.testng.TestNG.runSuites(TestNG.java:1099)
at org.testng.TestNG.run(TestNG.java:1067)
at org.testng.remote.AbstractRemoteTestNG.run(AbstractRemoteTestNG.java:115)
at org.testng.remote.RemoteTestNG.initAndRun(RemoteTestNG.java:251)
at org.testng.remote.RemoteTestNG.main(RemoteTestNG.java:77)
]]>
    </failure>
  </testcase> <!-- FAXnumberArizona -->
  <testcase classname="Test_Fax_NumberCountrywithArea.UnitedState001" name="FAXnumberArkansas" time="11.238"/>
  <testcase classname="Test_Fax_NumberCountrywithArea.UnitedState001" name="FAXnumberColorado" time="11.226"/>
  <testcase classname="Test_Fax_NumberCountrywithArea.UnitedState001" name="FAXnumberConnecticut" time="11.211"/>
  <testcase classname="Test_Fax_NumberCountrywithArea.UnitedState001" name="FAXnumberFlorida" time="11.217"/>
  <testcase classname="Test_Fax_NumberCountrywithArea.UnitedState001" name="FAXnumberGeorgia" time="11.245"/>
  <testcase classname="Test_Fax_NumberCountrywithArea.UnitedState001" name="FAXnumberIllinois" time="11.28"/>
  <testcase classname="Test_Fax_NumberCountrywithArea.UnitedState001" name="FAXnumberLouisiana" time="11.246"/>
  <testcase classname="Test_Fax_NumberCountrywithArea.UnitedState001" name="FAXnumberMassachusetts" time="11.333"/>
  <testcase classname="Test_Fax_NumberCountrywithArea.UnitedState001" name="FAXnumberMichigan" time="11.237"/>
  <testcase classname="Test_Fax_NumberCountrywithArea.UnitedState001" name="FAXnumberMinnesota" time="11.254"/>
</testsuite> <!-- Default test -->
