<?xml version="1.0" encoding="UTF-8"?>
<!-- Generated by org.testng.reporters.JUnitXMLReporter -->
<testsuite ignored="0" hostname="PC177" failures="0" tests="6" name="Default test" time="90.309" errors="0" timestamp="2023-01-02T18:58:15 IST">
  <testcase classname="TestPricing.TestPricing_001" name="test" time="3.581"/>
  <testcase classname="TestPricing.TestPricing_001" name="test1" time="6.098"/>
  <testcase classname="TestPricing.TestPricing_001" name="editeemail" time="5.391"/>
  <testcase classname="TestPricing.TestPricing_001" name="editenumber" time="3.188"/>
  <testcase classname="TestPricing.TestPricing_001" name="editepass" time="7.465"/>
  <testcase classname="TestPricing.TestPricing_001" name="twostepverification" time="6.33"/>
</testsuite> <!-- Default test -->
