<?xml version="1.0" encoding="UTF-8"?>
<!-- Generated by org.testng.reporters.JUnitXMLReporter -->
<testsuite ignored="1" hostname="PC177" failures="0" tests="6" name="Test" time="79.848" errors="0" timestamp="2022-12-15T16:19:17 IST">
  <testcase classname="TestDone.TestDone_001" name="Mail" time="4.296"/>
  <testcase classname="TestDone.TestDone_001" name="AnyDirection" time="2.048"/>
  <testcase classname="TestDone.TestDone_001" name="AnyStatus" time="3.067"/>
  <testcase classname="TestDone.TestDone_001" name="AnyTime" time="4.064"/>
  <testcase classname="TestDone.TestDone_001" name="listAnyMedium" time="15.561"/>
  <testcase classname="TestDone.TestDone_001" name="listAnyDirection" time="10.296"/>
  <testcase classname="TestDone.TestDone_001" name="test" time="0.0">
    <ignored/>
  </testcase> <!-- test -->
</testsuite> <!-- Test -->
