<?xml version="1.0" encoding="UTF-8"?>
<!-- Generated by org.testng.reporters.JUnitXMLReporter -->
<testsuite ignored="0" hostname="PC177" failures="0" tests="6" name="Test" time="87.498" errors="0" timestamp="2023-01-02T19:06:13 IST">
  <testcase classname="TestPricing.TestPricing_001" name="test" time="3.619"/>
  <testcase classname="TestPricing.TestPricing_001" name="test1" time="6.128"/>
  <testcase classname="TestPricing.TestPricing_001" name="editeemail" time="5.505"/>
  <testcase classname="TestPricing.TestPricing_001" name="editenumber" time="3.168"/>
  <testcase classname="TestPricing.TestPricing_001" name="editepass" time="7.547"/>
  <testcase classname="TestPricing.TestPricing_001" name="twostepverification" time="6.389"/>
</testsuite> <!-- Test -->
