<?xml version="1.0" encoding="UTF-8"?>
<testng-results ignored="1" total="7" passed="6" failed="0" skipped="0">
  <reporter-output>
  </reporter-output>
  <suite started-at="2022-12-15T16:17:57 IST" name="Suite" finished-at="2022-12-15T16:19:17 IST" duration-ms="79848">
    <groups>
    </groups>
    <test started-at="2022-12-15T16:17:57 IST" name="Test" finished-at="2022-12-15T16:19:17 IST" duration-ms="79848">
      <class name="TestDone.TestDone_001">
        <test-method is-config="true" signature="setup()[pri:0, instance:TestDone.TestDone_001@4f3bbf68]" started-at="2022-12-15T16:17:57 IST" name="setup" finished-at="2022-12-15T16:18:11 IST" duration-ms="14505" status="PASS">
          <reporter-output>
          </reporter-output>
        </test-method> <!-- setup -->
        <test-method is-config="true" signature="login()[pri:0, instance:TestDone.TestDone_001@4f3bbf68]" started-at="2022-12-15T16:18:11 IST" name="login" finished-at="2022-12-15T16:18:12 IST" duration-ms="1011" status="PASS">
          <reporter-output>
          </reporter-output>
        </test-method> <!-- login -->
        <test-method signature="Mail()[pri:2, instance:TestDone.TestDone_001@4f3bbf68]" started-at="2022-12-15T16:18:12 IST" name="Mail" finished-at="2022-12-15T16:18:17 IST" duration-ms="4296" status="PASS">
          <reporter-output>
          </reporter-output>
        </test-method> <!-- Mail -->
        <test-method is-config="true" signature="browserclosed()[pri:0, instance:TestDone.TestDone_001@4f3bbf68]" started-at="2022-12-15T16:18:17 IST" name="browserclosed" finished-at="2022-12-15T16:18:17 IST" duration-ms="513" status="PASS">
          <reporter-output>
          </reporter-output>
        </test-method> <!-- browserclosed -->
        <test-method is-config="true" signature="login()[pri:0, instance:TestDone.TestDone_001@4f3bbf68]" started-at="2022-12-15T16:18:17 IST" name="login" finished-at="2022-12-15T16:18:18 IST" duration-ms="1014" status="PASS">
          <reporter-output>
          </reporter-output>
        </test-method> <!-- login -->
        <test-method signature="AnyDirection()[pri:3, instance:TestDone.TestDone_001@4f3bbf68]" started-at="2022-12-15T16:18:18 IST" name="AnyDirection" finished-at="2022-12-15T16:18:20 IST" duration-ms="2048" status="PASS">
          <reporter-output>
          </reporter-output>
        </test-method> <!-- AnyDirection -->
        <test-method is-config="true" signature="browserclosed()[pri:0, instance:TestDone.TestDone_001@4f3bbf68]" started-at="2022-12-15T16:18:20 IST" name="browserclosed" finished-at="2022-12-15T16:18:21 IST" duration-ms="511" status="PASS">
          <reporter-output>
          </reporter-output>
        </test-method> <!-- browserclosed -->
        <test-method is-config="true" signature="login()[pri:0, instance:TestDone.TestDone_001@4f3bbf68]" started-at="2022-12-15T16:18:21 IST" name="login" finished-at="2022-12-15T16:18:22 IST" duration-ms="1006" status="PASS">
          <reporter-output>
          </reporter-output>
        </test-method> <!-- login -->
        <test-method signature="AnyStatus()[pri:4, instance:TestDone.TestDone_001@4f3bbf68]" started-at="2022-12-15T16:18:22 IST" name="AnyStatus" finished-at="2022-12-15T16:18:25 IST" duration-ms="3067" status="PASS">
          <reporter-output>
          </reporter-output>
        </test-method> <!-- AnyStatus -->
        <test-method is-config="true" signature="browserclosed()[pri:0, instance:TestDone.TestDone_001@4f3bbf68]" started-at="2022-12-15T16:18:25 IST" name="browserclosed" finished-at="2022-12-15T16:18:25 IST" duration-ms="502" status="PASS">
          <reporter-output>
          </reporter-output>
        </test-method> <!-- browserclosed -->
        <test-method is-config="true" signature="login()[pri:0, instance:TestDone.TestDone_001@4f3bbf68]" started-at="2022-12-15T16:18:25 IST" name="login" finished-at="2022-12-15T16:18:26 IST" duration-ms="1009" status="PASS">
          <reporter-output>
          </reporter-output>
        </test-method> <!-- login -->
        <test-method signature="AnyTime()[pri:5, instance:TestDone.TestDone_001@4f3bbf68]" started-at="2022-12-15T16:18:26 IST" name="AnyTime" finished-at="2022-12-15T16:18:30 IST" duration-ms="4064" status="PASS">
          <reporter-output>
          </reporter-output>
        </test-method> <!-- AnyTime -->
        <test-method is-config="true" signature="browserclosed()[pri:0, instance:TestDone.TestDone_001@4f3bbf68]" started-at="2022-12-15T16:18:30 IST" name="browserclosed" finished-at="2022-12-15T16:18:31 IST" duration-ms="517" status="PASS">
          <reporter-output>
          </reporter-output>
        </test-method> <!-- browserclosed -->
        <test-method is-config="true" signature="login()[pri:0, instance:TestDone.TestDone_001@4f3bbf68]" started-at="2022-12-15T16:18:31 IST" name="login" finished-at="2022-12-15T16:18:32 IST" duration-ms="1008" status="PASS">
          <reporter-output>
          </reporter-output>
        </test-method> <!-- login -->
        <test-method signature="listAnyMedium()[pri:6, instance:TestDone.TestDone_001@4f3bbf68]" started-at="2022-12-15T16:18:32 IST" name="listAnyMedium" finished-at="2022-12-15T16:18:47 IST" duration-ms="15561" status="PASS">
          <reporter-output>
          </reporter-output>
        </test-method> <!-- listAnyMedium -->
        <test-method is-config="true" signature="browserclosed()[pri:0, instance:TestDone.TestDone_001@4f3bbf68]" started-at="2022-12-15T16:18:47 IST" name="browserclosed" finished-at="2022-12-15T16:18:48 IST" duration-ms="504" status="PASS">
          <reporter-output>
          </reporter-output>
        </test-method> <!-- browserclosed -->
        <test-method is-config="true" signature="login()[pri:0, instance:TestDone.TestDone_001@4f3bbf68]" started-at="2022-12-15T16:18:48 IST" name="login" finished-at="2022-12-15T16:18:49 IST" duration-ms="1015" status="PASS">
          <reporter-output>
          </reporter-output>
        </test-method> <!-- login -->
        <test-method signature="listAnyDirection()[pri:7, instance:TestDone.TestDone_001@4f3bbf68]" started-at="2022-12-15T16:18:49 IST" name="listAnyDirection" finished-at="2022-12-15T16:18:59 IST" duration-ms="10296" status="PASS">
          <reporter-output>
          </reporter-output>
        </test-method> <!-- listAnyDirection -->
        <test-method is-config="true" signature="browserclosed()[pri:0, instance:TestDone.TestDone_001@4f3bbf68]" started-at="2022-12-15T16:18:59 IST" name="browserclosed" finished-at="2022-12-15T16:19:00 IST" duration-ms="509" status="PASS">
          <reporter-output>
          </reporter-output>
        </test-method> <!-- browserclosed -->
        <test-method is-config="true" signature="TearDown()[pri:0, instance:TestDone.TestDone_001@4f3bbf68]" started-at="2022-12-15T16:19:00 IST" name="TearDown" finished-at="2022-12-15T16:19:17 IST" duration-ms="16866" status="PASS">
          <reporter-output>
          </reporter-output>
        </test-method> <!-- TearDown -->
      </class> <!-- TestDone.TestDone_001 -->
    </test> <!-- Test -->
  </suite> <!-- Suite -->
</testng-results>
