<?xml version="1.0" encoding="UTF-8"?>
<testng-results ignored="0" total="6" passed="6" failed="0" skipped="0">
  <reporter-output>
  </reporter-output>
  <suite started-at="2023-01-02T19:04:45 IST" name="Suite" finished-at="2023-01-02T19:06:13 IST" duration-ms="87498">
    <groups>
    </groups>
    <test started-at="2023-01-02T19:04:45 IST" name="Test" finished-at="2023-01-02T19:06:13 IST" duration-ms="87498">
      <class name="TestPricing.TestPricing_001">
        <test-method is-config="true" signature="setup()[pri:0, instance:TestPricing.TestPricing_001@69653e16]" started-at="2023-01-02T19:04:45 IST" name="setup" finished-at="2023-01-02T19:05:01 IST" duration-ms="15573" status="PASS">
          <reporter-output>
          </reporter-output>
        </test-method> <!-- setup -->
        <test-method is-config="true" signature="login()[pri:0, instance:TestPricing.TestPricing_001@69653e16]" started-at="2023-01-02T19:05:01 IST" name="login" finished-at="2023-01-02T19:05:02 IST" duration-ms="1008" status="PASS">
          <reporter-output>
          </reporter-output>
        </test-method> <!-- login -->
        <test-method signature="test()[pri:1, instance:TestPricing.TestPricing_001@69653e16]" started-at="2023-01-02T19:05:02 IST" name="test" finished-at="2023-01-02T19:05:06 IST" duration-ms="3619" status="PASS">
          <reporter-output>
          </reporter-output>
        </test-method> <!-- test -->
        <test-method is-config="true" signature="browserclosed()[pri:0, instance:TestPricing.TestPricing_001@69653e16]" started-at="2023-01-02T19:05:06 IST" name="browserclosed" finished-at="2023-01-02T19:05:08 IST" duration-ms="2001" status="PASS">
          <reporter-output>
          </reporter-output>
        </test-method> <!-- browserclosed -->
        <test-method is-config="true" signature="login()[pri:0, instance:TestPricing.TestPricing_001@69653e16]" started-at="2023-01-02T19:05:08 IST" name="login" finished-at="2023-01-02T19:05:09 IST" duration-ms="1001" status="PASS">
          <reporter-output>
          </reporter-output>
        </test-method> <!-- login -->
        <test-method signature="test1()[pri:2, instance:TestPricing.TestPricing_001@69653e16]" started-at="2023-01-02T19:05:09 IST" name="test1" finished-at="2023-01-02T19:05:15 IST" duration-ms="6128" status="PASS">
          <reporter-output>
          </reporter-output>
        </test-method> <!-- test1 -->
        <test-method is-config="true" signature="browserclosed()[pri:0, instance:TestPricing.TestPricing_001@69653e16]" started-at="2023-01-02T19:05:15 IST" name="browserclosed" finished-at="2023-01-02T19:05:17 IST" duration-ms="2006" status="PASS">
          <reporter-output>
          </reporter-output>
        </test-method> <!-- browserclosed -->
        <test-method is-config="true" signature="login()[pri:0, instance:TestPricing.TestPricing_001@69653e16]" started-at="2023-01-02T19:05:17 IST" name="login" finished-at="2023-01-02T19:05:18 IST" duration-ms="1003" status="PASS">
          <reporter-output>
          </reporter-output>
        </test-method> <!-- login -->
        <test-method signature="editeemail()[pri:3, instance:TestPricing.TestPricing_001@69653e16]" started-at="2023-01-02T19:05:18 IST" name="editeemail" finished-at="2023-01-02T19:05:23 IST" duration-ms="5505" status="PASS">
          <reporter-output>
          </reporter-output>
        </test-method> <!-- editeemail -->
        <test-method is-config="true" signature="browserclosed()[pri:0, instance:TestPricing.TestPricing_001@69653e16]" started-at="2023-01-02T19:05:23 IST" name="browserclosed" finished-at="2023-01-02T19:05:25 IST" duration-ms="2010" status="PASS">
          <reporter-output>
          </reporter-output>
        </test-method> <!-- browserclosed -->
        <test-method is-config="true" signature="login()[pri:0, instance:TestPricing.TestPricing_001@69653e16]" started-at="2023-01-02T19:05:25 IST" name="login" finished-at="2023-01-02T19:05:26 IST" duration-ms="1001" status="PASS">
          <reporter-output>
          </reporter-output>
        </test-method> <!-- login -->
        <test-method signature="editenumber()[pri:4, instance:TestPricing.TestPricing_001@69653e16]" started-at="2023-01-02T19:05:26 IST" name="editenumber" finished-at="2023-01-02T19:05:29 IST" duration-ms="3168" status="PASS">
          <reporter-output>
          </reporter-output>
        </test-method> <!-- editenumber -->
        <test-method is-config="true" signature="browserclosed()[pri:0, instance:TestPricing.TestPricing_001@69653e16]" started-at="2023-01-02T19:05:29 IST" name="browserclosed" finished-at="2023-01-02T19:05:31 IST" duration-ms="2009" status="PASS">
          <reporter-output>
          </reporter-output>
        </test-method> <!-- browserclosed -->
        <test-method is-config="true" signature="login()[pri:0, instance:TestPricing.TestPricing_001@69653e16]" started-at="2023-01-02T19:05:31 IST" name="login" finished-at="2023-01-02T19:05:32 IST" duration-ms="1003" status="PASS">
          <reporter-output>
          </reporter-output>
        </test-method> <!-- login -->
        <test-method signature="editepass()[pri:5, instance:TestPricing.TestPricing_001@69653e16]" started-at="2023-01-02T19:05:32 IST" name="editepass" finished-at="2023-01-02T19:05:40 IST" duration-ms="7547" status="PASS">
          <reporter-output>
          </reporter-output>
        </test-method> <!-- editepass -->
        <test-method is-config="true" signature="browserclosed()[pri:0, instance:TestPricing.TestPricing_001@69653e16]" started-at="2023-01-02T19:05:40 IST" name="browserclosed" finished-at="2023-01-02T19:05:42 IST" duration-ms="2004" status="PASS">
          <reporter-output>
          </reporter-output>
        </test-method> <!-- browserclosed -->
        <test-method is-config="true" signature="login()[pri:0, instance:TestPricing.TestPricing_001@69653e16]" started-at="2023-01-02T19:05:42 IST" name="login" finished-at="2023-01-02T19:05:43 IST" duration-ms="1011" status="PASS">
          <reporter-output>
          </reporter-output>
        </test-method> <!-- login -->
        <test-method signature="twostepverification()[pri:6, instance:TestPricing.TestPricing_001@69653e16]" started-at="2023-01-02T19:05:43 IST" name="twostepverification" finished-at="2023-01-02T19:05:49 IST" duration-ms="6389" status="PASS">
          <reporter-output>
          </reporter-output>
        </test-method> <!-- twostepverification -->
        <test-method is-config="true" signature="browserclosed()[pri:0, instance:TestPricing.TestPricing_001@69653e16]" started-at="2023-01-02T19:05:49 IST" name="browserclosed" finished-at="2023-01-02T19:05:51 IST" duration-ms="2014" status="PASS">
          <reporter-output>
          </reporter-output>
        </test-method> <!-- browserclosed -->
        <test-method is-config="true" signature="TearDown()[pri:0, instance:TestPricing.TestPricing_001@69653e16]" started-at="2023-01-02T19:05:51 IST" name="TearDown" finished-at="2023-01-02T19:06:13 IST" duration-ms="21452" status="PASS">
          <reporter-output>
          </reporter-output>
        </test-method> <!-- TearDown -->
      </class> <!-- TestPricing.TestPricing_001 -->
    </test> <!-- Test -->
  </suite> <!-- Suite -->
</testng-results>
