<?xml version="1.0" encoding="UTF-8"?>
<testng-results ignored="0" total="6" passed="6" failed="0" skipped="0">
  <reporter-output>
  </reporter-output>
  <suite started-at="2023-01-02T18:56:45 IST" name="Default suite" finished-at="2023-01-02T18:58:15 IST" duration-ms="90309">
    <groups>
    </groups>
    <test started-at="2023-01-02T18:56:45 IST" name="Default test" finished-at="2023-01-02T18:58:15 IST" duration-ms="90309">
      <class name="TestPricing.TestPricing_001">
        <test-method is-config="true" signature="setup()[pri:0, instance:TestPricing.TestPricing_001@5b1ebf56]" started-at="2023-01-02T18:56:45 IST" name="setup" finished-at="2023-01-02T18:57:04 IST" duration-ms="18722" status="PASS">
          <reporter-output>
          </reporter-output>
        </test-method> <!-- setup -->
        <test-method is-config="true" signature="login()[pri:0, instance:TestPricing.TestPricing_001@5b1ebf56]" started-at="2023-01-02T18:57:04 IST" name="login" finished-at="2023-01-02T18:57:05 IST" duration-ms="1007" status="PASS">
          <reporter-output>
          </reporter-output>
        </test-method> <!-- login -->
        <test-method signature="test()[pri:1, instance:TestPricing.TestPricing_001@5b1ebf56]" started-at="2023-01-02T18:57:05 IST" name="test" finished-at="2023-01-02T18:57:08 IST" duration-ms="3581" status="PASS">
          <reporter-output>
          </reporter-output>
        </test-method> <!-- test -->
        <test-method is-config="true" signature="browserclosed()[pri:0, instance:TestPricing.TestPricing_001@5b1ebf56]" started-at="2023-01-02T18:57:08 IST" name="browserclosed" finished-at="2023-01-02T18:57:10 IST" duration-ms="2005" status="PASS">
          <reporter-output>
          </reporter-output>
        </test-method> <!-- browserclosed -->
        <test-method is-config="true" signature="login()[pri:0, instance:TestPricing.TestPricing_001@5b1ebf56]" started-at="2023-01-02T18:57:10 IST" name="login" finished-at="2023-01-02T18:57:12 IST" duration-ms="1010" status="PASS">
          <reporter-output>
          </reporter-output>
        </test-method> <!-- login -->
        <test-method signature="test1()[pri:2, instance:TestPricing.TestPricing_001@5b1ebf56]" started-at="2023-01-02T18:57:12 IST" name="test1" finished-at="2023-01-02T18:57:18 IST" duration-ms="6098" status="PASS">
          <reporter-output>
          </reporter-output>
        </test-method> <!-- test1 -->
        <test-method is-config="true" signature="browserclosed()[pri:0, instance:TestPricing.TestPricing_001@5b1ebf56]" started-at="2023-01-02T18:57:18 IST" name="browserclosed" finished-at="2023-01-02T18:57:20 IST" duration-ms="2008" status="PASS">
          <reporter-output>
          </reporter-output>
        </test-method> <!-- browserclosed -->
        <test-method is-config="true" signature="login()[pri:0, instance:TestPricing.TestPricing_001@5b1ebf56]" started-at="2023-01-02T18:57:20 IST" name="login" finished-at="2023-01-02T18:57:21 IST" duration-ms="1019" status="PASS">
          <reporter-output>
          </reporter-output>
        </test-method> <!-- login -->
        <test-method signature="editeemail()[pri:3, instance:TestPricing.TestPricing_001@5b1ebf56]" started-at="2023-01-02T18:57:21 IST" name="editeemail" finished-at="2023-01-02T18:57:26 IST" duration-ms="5391" status="PASS">
          <reporter-output>
          </reporter-output>
        </test-method> <!-- editeemail -->
        <test-method is-config="true" signature="browserclosed()[pri:0, instance:TestPricing.TestPricing_001@5b1ebf56]" started-at="2023-01-02T18:57:26 IST" name="browserclosed" finished-at="2023-01-02T18:57:28 IST" duration-ms="2008" status="PASS">
          <reporter-output>
          </reporter-output>
        </test-method> <!-- browserclosed -->
        <test-method is-config="true" signature="login()[pri:0, instance:TestPricing.TestPricing_001@5b1ebf56]" started-at="2023-01-02T18:57:28 IST" name="login" finished-at="2023-01-02T18:57:29 IST" duration-ms="1010" status="PASS">
          <reporter-output>
          </reporter-output>
        </test-method> <!-- login -->
        <test-method signature="editenumber()[pri:4, instance:TestPricing.TestPricing_001@5b1ebf56]" started-at="2023-01-02T18:57:29 IST" name="editenumber" finished-at="2023-01-02T18:57:32 IST" duration-ms="3188" status="PASS">
          <reporter-output>
          </reporter-output>
        </test-method> <!-- editenumber -->
        <test-method is-config="true" signature="browserclosed()[pri:0, instance:TestPricing.TestPricing_001@5b1ebf56]" started-at="2023-01-02T18:57:32 IST" name="browserclosed" finished-at="2023-01-02T18:57:34 IST" duration-ms="2020" status="PASS">
          <reporter-output>
          </reporter-output>
        </test-method> <!-- browserclosed -->
        <test-method is-config="true" signature="login()[pri:0, instance:TestPricing.TestPricing_001@5b1ebf56]" started-at="2023-01-02T18:57:34 IST" name="login" finished-at="2023-01-02T18:57:35 IST" duration-ms="1015" status="PASS">
          <reporter-output>
          </reporter-output>
        </test-method> <!-- login -->
        <test-method signature="editepass()[pri:5, instance:TestPricing.TestPricing_001@5b1ebf56]" started-at="2023-01-02T18:57:35 IST" name="editepass" finished-at="2023-01-02T18:57:43 IST" duration-ms="7465" status="PASS">
          <reporter-output>
          </reporter-output>
        </test-method> <!-- editepass -->
        <test-method is-config="true" signature="browserclosed()[pri:0, instance:TestPricing.TestPricing_001@5b1ebf56]" started-at="2023-01-02T18:57:43 IST" name="browserclosed" finished-at="2023-01-02T18:57:45 IST" duration-ms="2008" status="PASS">
          <reporter-output>
          </reporter-output>
        </test-method> <!-- browserclosed -->
        <test-method is-config="true" signature="login()[pri:0, instance:TestPricing.TestPricing_001@5b1ebf56]" started-at="2023-01-02T18:57:45 IST" name="login" finished-at="2023-01-02T18:57:46 IST" duration-ms="1003" status="PASS">
          <reporter-output>
          </reporter-output>
        </test-method> <!-- login -->
        <test-method signature="twostepverification()[pri:6, instance:TestPricing.TestPricing_001@5b1ebf56]" started-at="2023-01-02T18:57:46 IST" name="twostepverification" finished-at="2023-01-02T18:57:52 IST" duration-ms="6330" status="PASS">
          <reporter-output>
          </reporter-output>
        </test-method> <!-- twostepverification -->
        <test-method is-config="true" signature="browserclosed()[pri:0, instance:TestPricing.TestPricing_001@5b1ebf56]" started-at="2023-01-02T18:57:52 IST" name="browserclosed" finished-at="2023-01-02T18:57:54 IST" duration-ms="2018" status="PASS">
          <reporter-output>
          </reporter-output>
        </test-method> <!-- browserclosed -->
        <test-method is-config="true" signature="TearDown()[pri:0, instance:TestPricing.TestPricing_001@5b1ebf56]" started-at="2023-01-02T18:57:54 IST" name="TearDown" finished-at="2023-01-02T18:58:15 IST" duration-ms="21367" status="PASS">
          <reporter-output>
          </reporter-output>
        </test-method> <!-- TearDown -->
      </class> <!-- TestPricing.TestPricing_001 -->
    </test> <!-- Default test -->
  </suite> <!-- Default suite -->
</testng-results>
